<?xml version="1.0" encoding="UTF-8"?>
<!-- Generated by org.testng.reporters.JUnitReportReporter -->
<testsuite hostname="sub" failures="0" tests="4" name="api.test.User_Test" time="6.149" errors="0" timestamp="2023-07-08T09:14:33 IST" skipped="0">
  <testcase classname="api.test.User_Test" name="TestUser" time="3.375"/>
  <system-out/>
  <testcase classname="api.test.User_Test" name="Message" time="0.002"/>
  <system-out/>
  <testcase classname="api.test.User_Test" name="get_users" time="1.411"/>
  <system-out/>
  <testcase classname="api.test.User_Test" name="Update" time="1.361"/>
  <system-out/>
</testsuite> <!-- api.test.User_Test -->
